<?xml version="1.0" encoding="UTF-8"?>
<testsuites name="CreateApp" time="212" tests="5" failures="5" errors="0">
   <testsuite name="CreateApp" tests="5" failures="5" errors="0" time="212" timestamp="2018-06-18 17:21:33" hostname="Siva - 192.168.99.1" id="Test Suites/CreateApp">
      <properties>
         <property name="deviceName" value=""/>
         <property name="devicePlatform" value=""/>
         <property name="logFolder" value="/Users/Siva/Work/code/dynamo-framework/dynamo-framework-modules/dynamo-apps/QA/v0.4.0/Katalon/DynamoAppTest/Dynamo-apps/Reports/CreateApp/20180618_172130"/>
         <property name="logFiles" value="/Users/Siva/Work/code/dynamo-framework/dynamo-framework-modules/dynamo-apps/QA/v0.4.0/Katalon/DynamoAppTest/Dynamo-apps/Reports/CreateApp/20180618_172130/execution0.log"/>
         <property name="attachments" value="/Users/Siva/Work/code/dynamo-framework/dynamo-framework-modules/dynamo-apps/QA/v0.4.0/Katalon/DynamoAppTest/Dynamo-apps/Reports/CreateApp/20180618_172130/1529322740041.png, /Users/Siva/Work/code/dynamo-framework/dynamo-framework-modules/dynamo-apps/QA/v0.4.0/Katalon/DynamoAppTest/Dynamo-apps/Reports/CreateApp/20180618_172130/1529322740560.png, /Users/Siva/Work/code/dynamo-framework/dynamo-framework-modules/dynamo-apps/QA/v0.4.0/Katalon/DynamoAppTest/Dynamo-apps/Reports/CreateApp/20180618_172130/1529322777585.png, /Users/Siva/Work/code/dynamo-framework/dynamo-framework-modules/dynamo-apps/QA/v0.4.0/Katalon/DynamoAppTest/Dynamo-apps/Reports/CreateApp/20180618_172130/1529322777995.png, /Users/Siva/Work/code/dynamo-framework/dynamo-framework-modules/dynamo-apps/QA/v0.4.0/Katalon/DynamoAppTest/Dynamo-apps/Reports/CreateApp/20180618_172130/1529322814622.png, /Users/Siva/Work/code/dynamo-framework/dynamo-framework-modules/dynamo-apps/QA/v0.4.0/Katalon/DynamoAppTest/Dynamo-apps/Reports/CreateApp/20180618_172130/1529322815166.png, /Users/Siva/Work/code/dynamo-framework/dynamo-framework-modules/dynamo-apps/QA/v0.4.0/Katalon/DynamoAppTest/Dynamo-apps/Reports/CreateApp/20180618_172130/1529322851905.png, /Users/Siva/Work/code/dynamo-framework/dynamo-framework-modules/dynamo-apps/QA/v0.4.0/Katalon/DynamoAppTest/Dynamo-apps/Reports/CreateApp/20180618_172130/1529322852271.png, /Users/Siva/Work/code/dynamo-framework/dynamo-framework-modules/dynamo-apps/QA/v0.4.0/Katalon/DynamoAppTest/Dynamo-apps/Reports/CreateApp/20180618_172130/1529322887883.png, /Users/Siva/Work/code/dynamo-framework/dynamo-framework-modules/dynamo-apps/QA/v0.4.0/Katalon/DynamoAppTest/Dynamo-apps/Reports/CreateApp/20180618_172130/1529322888246.png"/>
         <property name="hostName" value="Siva - 192.168.99.1"/>
         <property name="os" value="Mac OS X 64bit"/>
         <property name="katalonVersion" value="5.4.2.1"/>
         <property name="browser" value="Chrome 62.0.3202.94"/>
         <property name="hostAddress" value="192.168.99.1"/>
         <property name="sessionId" value="7023e610af18424bb0c6ffbce3f16bef"/>
         <property name="seleniumVersion" value="3.7.1"/>
         <property name="proxyInformation" value="ProxyInformation{proxyOption=NO_PROXY, proxyServerType=HTTP, password=, proxyServerAddress=, proxyServerPort=0}"/>
         <property name="platform" value="Mac OS X"/>
      </properties>
      <testcase name="Test Cases/CreateApp/CreatAppNodata" classname="Test Cases/CreateApp/CreatAppNodata" status="PASSED">
         <system-out><![CDATA[2018-06-18 17:21:34 - [TEST_CASE][PASSED] - Test Cases/CreateApp/CreatAppNodata: Test Cases/CreateApp/CreatAppNodata

2018-06-18 17:21:35 - [TEST_STEP][PASSED] - appmanage.startTest.openbrowser: appmanage.startTest.openbrowser is PASSED

2018-06-18 17:21:40 - [MESSAGE][PASSED] - Browser is opened with url: 'http://localhost:8080/'

2018-06-18 17:21:40 - [MESSAGE][PASSED] - Keys 'user' sent to object: 'Object Repository/Page_Login Page/input_username'

2018-06-18 17:21:41 - [MESSAGE][PASSED] - Keys 'fbd17e97-3a26-4358-adc7-8e7e4589f9cd' sent to object: 'Object Repository/Page_Login Page/input_password'

2018-06-18 17:21:41 - [MESSAGE][PASSED] - Object: 'Object Repository/Page_Login Page/input_Submit' is clicked on

2018-06-18 17:21:42 - [MESSAGE][PASSED] - Object: 'Object Repository/Page_dynamo apps/a_ManageApps Artifacts' is clicked on

2018-06-18 17:21:42 - [MESSAGE][PASSED] - appmanage.startTest.openbrowser is PASSED

2018-06-18 17:21:42 - [TEST_STEP][PASSED] - click: Object: 'Object Repository/Page_Dynamo/button_Create App' is clicked on

2018-06-18 17:21:42 - [MESSAGE][PASSED] - Object: 'Object Repository/Page_Dynamo/button_Create App' is clicked on

2018-06-18 17:21:42 - [TEST_STEP][PASSED] - sendKeys: Keys '' sent to object: 'Object Repository/Page_Create-App/input_name'

2018-06-18 17:21:42 - [MESSAGE][PASSED] - Keys '' sent to object: 'Object Repository/Page_Create-App/input_name'

2018-06-18 17:21:42 - [TEST_STEP][PASSED] - sendKeys: Keys '' sent to object: 'Object Repository/Page_Create-App/textarea_description'

2018-06-18 17:21:42 - [MESSAGE][PASSED] - Keys '' sent to object: 'Object Repository/Page_Create-App/textarea_description'

2018-06-18 17:21:42 - [TEST_STEP][PASSED] - selectOptionByIndex: All options with index in [1] are selected on object 'Object Repository/Page_Create-App/select_ActiveInActive'

2018-06-18 17:21:43 - [MESSAGE][PASSED] - All options with index in [1] are selected on object 'Object Repository/Page_Create-App/select_ActiveInActive'

2018-06-18 17:21:43 - [TEST_STEP][PASSED] - sendKeys: Keys '' sent to object: 'Object Repository/Page_Create-App/input_appFeatures0.name'

2018-06-18 17:21:43 - [MESSAGE][PASSED] - Keys '' sent to object: 'Object Repository/Page_Create-App/input_appFeatures0.name'

2018-06-18 17:21:43 - [TEST_STEP][PASSED] - sendKeys: Keys '' sent to object: 'Object Repository/Page_Create-App/input_appFeatures0.description'

2018-06-18 17:21:43 - [MESSAGE][PASSED] - Keys '' sent to object: 'Object Repository/Page_Create-App/input_appFeatures0.description'

2018-06-18 17:21:43 - [TEST_STEP][PASSED] - click: Object: 'Object Repository/Page_Create-App/button_Submit' is clicked on

2018-06-18 17:21:43 - [MESSAGE][PASSED] - Object: 'Object Repository/Page_Create-App/button_Submit' is clicked on

2018-06-18 17:21:43 - [TEST_STEP][PASSED] - verifyElementPresent: Object 'Object Repository/Page_Create-App/empty_object' is present

2018-06-18 17:21:43 - [MESSAGE][WARNING] - Timeout '0' is invalid. Using default page load timeout: '30'

2018-06-18 17:21:43 - [MESSAGE][PASSED] - Object 'Object Repository/Page_Create-App/empty_object' is present

2018-06-18 17:21:43 - [TEST_STEP][PASSED] - appmanage.startTest.closebrowser: appmanage.startTest.closebrowser is PASSED

2018-06-18 17:21:44 - [MESSAGE][PASSED] - Browser is closed

2018-06-18 17:21:44 - [MESSAGE][PASSED] - appmanage.startTest.closebrowser is PASSED]]></system-out>
         <system-err><![CDATA[]]></system-err>
      </testcase>
      <testcase name="Test Cases/CreateApp/CreateAppInvalid" classname="Test Cases/CreateApp/CreateAppInvalid" status="FAILED">
         <failure type="FAILED" message="Unable to verify object 'Object Repository/Page_Create-App/empty_object' is present (Root cause: com.kms.katalon.core.webui.exception.WebElementNotFoundException: Web element with id: 'Object Repository/Page_Create-App/empty_object' located by 'By.xpath: /html/body/div[2]/div[1]/div/div/div[2]/form/div[1]' not found)"/>
         <system-out><![CDATA[2018-06-18 17:21:44 - [TEST_CASE][FAILED] - Test Cases/CreateApp/CreateAppInvalid: Test Cases/CreateApp/CreateAppInvalid FAILED because (of) Unable to verify object 'Object Repository/Page_Create-App/empty_object' is present (Root cause: com.kms.katalon.core.webui.exception.WebElementNotFoundException: Web element with id: 'Object Repository/Page_Create-App/empty_object' located by 'By.xpath: /html/body/div[2]/div[1]/div/div/div[2]/form/div[1]' not found)

2018-06-18 17:21:44 - [TEST_STEP][PASSED] - appmanage.startTest.openbrowser: appmanage.startTest.openbrowser is PASSED

2018-06-18 17:21:46 - [MESSAGE][PASSED] - Browser is opened with url: 'http://localhost:8080/'

2018-06-18 17:21:46 - [MESSAGE][PASSED] - Keys 'user' sent to object: 'Object Repository/Page_Login Page/input_username'

2018-06-18 17:21:46 - [MESSAGE][PASSED] - Keys 'fbd17e97-3a26-4358-adc7-8e7e4589f9cd' sent to object: 'Object Repository/Page_Login Page/input_password'

2018-06-18 17:21:46 - [MESSAGE][PASSED] - Object: 'Object Repository/Page_Login Page/input_Submit' is clicked on

2018-06-18 17:21:47 - [MESSAGE][PASSED] - Object: 'Object Repository/Page_dynamo apps/a_ManageApps Artifacts' is clicked on

2018-06-18 17:21:47 - [MESSAGE][PASSED] - appmanage.startTest.openbrowser is PASSED

2018-06-18 17:21:47 - [TEST_STEP][PASSED] - click: Object: 'Object Repository/Page_Dynamo/button_Create App' is clicked on

2018-06-18 17:21:47 - [MESSAGE][PASSED] - Object: 'Object Repository/Page_Dynamo/button_Create App' is clicked on

2018-06-18 17:21:47 - [TEST_STEP][PASSED] - sendKeys: Keys 'D@1239' sent to object: 'Object Repository/Page_Create-App/input_name'

2018-06-18 17:21:47 - [MESSAGE][PASSED] - Keys 'D@1239' sent to object: 'Object Repository/Page_Create-App/input_name'

2018-06-18 17:21:47 - [TEST_STEP][PASSED] - sendKeys: Keys 'Dynamo App Des' sent to object: 'Object Repository/Page_Create-App/textarea_description'

2018-06-18 17:21:47 - [MESSAGE][PASSED] - Keys 'Dynamo App Des' sent to object: 'Object Repository/Page_Create-App/textarea_description'

2018-06-18 17:21:47 - [TEST_STEP][PASSED] - selectOptionByIndex: All options with index in [1] are selected on object 'Object Repository/Page_Create-App/select_ActiveInActive'

2018-06-18 17:21:48 - [MESSAGE][PASSED] - All options with index in [1] are selected on object 'Object Repository/Page_Create-App/select_ActiveInActive'

2018-06-18 17:21:48 - [TEST_STEP][PASSED] - sendKeys: Keys 'Siva' sent to object: 'Object Repository/Page_Create-App/input_appFeatures0.name'

2018-06-18 17:21:48 - [MESSAGE][PASSED] - Keys 'Siva' sent to object: 'Object Repository/Page_Create-App/input_appFeatures0.name'

2018-06-18 17:21:48 - [TEST_STEP][PASSED] - sendKeys: Keys 'Siva Des' sent to object: 'Object Repository/Page_Create-App/input_appFeatures0.description'

2018-06-18 17:21:48 - [MESSAGE][PASSED] - Keys 'Siva Des' sent to object: 'Object Repository/Page_Create-App/input_appFeatures0.description'

2018-06-18 17:21:48 - [TEST_STEP][PASSED] - click: Object: 'Object Repository/Page_Create-App/div_NewFeature' is clicked on

2018-06-18 17:21:48 - [MESSAGE][PASSED] - Object: 'Object Repository/Page_Create-App/div_NewFeature' is clicked on

2018-06-18 17:21:48 - [TEST_STEP][PASSED] - sendKeys: Keys 'Suiosd@$' sent to object: 'Object Repository/Page_Create-App/input_appFeature1.name'

2018-06-18 17:21:48 - [MESSAGE][PASSED] - Keys 'Suiosd@$' sent to object: 'Object Repository/Page_Create-App/input_appFeature1.name'

2018-06-18 17:21:48 - [TEST_STEP][PASSED] - sendKeys: Keys '&46gio' sent to object: 'Object Repository/Page_Create-App/input_appFeature1.desc'

2018-06-18 17:21:48 - [MESSAGE][PASSED] - Keys '&46gio' sent to object: 'Object Repository/Page_Create-App/input_appFeature1.desc'

2018-06-18 17:21:48 - [TEST_STEP][PASSED] - click: Object: 'Object Repository/Page_Create-App/button_Submit' is clicked on

2018-06-18 17:21:49 - [MESSAGE][PASSED] - Object: 'Object Repository/Page_Create-App/button_Submit' is clicked on

2018-06-18 17:21:49 - [TEST_STEP][FAILED] - verifyElementPresent: Unable to verify object 'Object Repository/Page_Create-App/empty_object' is present (Root cause: com.kms.katalon.core.webui.exception.WebElementNotFoundException: Web element with id: 'Object Repository/Page_Create-App/empty_object' located by 'By.xpath: /html/body/div[2]/div[1]/div/div/div[2]/form/div[1]' not found)

2018-06-18 17:21:49 - [MESSAGE][WARNING] - Timeout '0' is invalid. Using default page load timeout: '30'

2018-06-18 17:22:20 - [MESSAGE][FAILED] - com.kms.katalon.core.webui.exception.WebElementNotFoundException: Web element with id: 'Object Repository/Page_Create-App/empty_object' located by 'By.xpath: /html/body/div[2]/div[1]/div/div/div[2]/form/div[1]' not found
[[ATTACHMENT|/Users/Siva/Work/code/dynamo-framework/dynamo-framework-modules/dynamo-apps/QA/v0.4.0/Katalon/DynamoAppTest/Dynamo-apps/Reports/CreateApp/20180618_172130/1529322740041.png]]

2018-06-18 17:22:20 - [MESSAGE][FAILED] - Unable to verify object 'Object Repository/Page_Create-App/empty_object' is present (Root cause: com.kms.katalon.core.webui.exception.WebElementNotFoundException: Web element with id: 'Object Repository/Page_Create-App/empty_object' located by 'By.xpath: /html/body/div[2]/div[1]/div/div/div[2]/form/div[1]' not found)
[[ATTACHMENT|/Users/Siva/Work/code/dynamo-framework/dynamo-framework-modules/dynamo-apps/QA/v0.4.0/Katalon/DynamoAppTest/Dynamo-apps/Reports/CreateApp/20180618_172130/1529322740560.png]]]]></system-out>
         <system-err><![CDATA[2018-06-18 17:21:44 - [TEST_CASE][FAILED] - Test Cases/CreateApp/CreateAppInvalid: Test Cases/CreateApp/CreateAppInvalid FAILED because (of) Unable to verify object 'Object Repository/Page_Create-App/empty_object' is present (Root cause: com.kms.katalon.core.webui.exception.WebElementNotFoundException: Web element with id: 'Object Repository/Page_Create-App/empty_object' located by 'By.xpath: /html/body/div[2]/div[1]/div/div/div[2]/form/div[1]' not found)]]></system-err>
      </testcase>
      <testcase name="Test Cases/CreateApp/CreateAppInvalid" classname="Test Cases/CreateApp/CreateAppInvalid" status="FAILED">
         <failure type="FAILED" message="Unable to verify object 'Object Repository/Page_Create-App/empty_object' is present (Root cause: com.kms.katalon.core.webui.exception.WebElementNotFoundException: Web element with id: 'Object Repository/Page_Create-App/empty_object' located by 'By.xpath: /html/body/div[2]/div[1]/div/div/div[2]/form/div[1]' not found)"/>
         <system-out><![CDATA[2018-06-18 17:22:20 - [TEST_CASE][FAILED] - Test Cases/CreateApp/CreateAppInvalid: Test Cases/CreateApp/CreateAppInvalid FAILED because (of) Unable to verify object 'Object Repository/Page_Create-App/empty_object' is present (Root cause: com.kms.katalon.core.webui.exception.WebElementNotFoundException: Web element with id: 'Object Repository/Page_Create-App/empty_object' located by 'By.xpath: /html/body/div[2]/div[1]/div/div/div[2]/form/div[1]' not found)

2018-06-18 17:22:20 - [TEST_STEP][PASSED] - appmanage.startTest.openbrowser: appmanage.startTest.openbrowser is PASSED

2018-06-18 17:22:20 - [MESSAGE][WARNING] - A browser is already opened. Closing browser and opening a new one

2018-06-18 17:22:23 - [MESSAGE][PASSED] - Browser is opened with url: 'http://localhost:8080/'

2018-06-18 17:22:23 - [MESSAGE][PASSED] - Keys 'user' sent to object: 'Object Repository/Page_Login Page/input_username'

2018-06-18 17:22:24 - [MESSAGE][PASSED] - Keys 'fbd17e97-3a26-4358-adc7-8e7e4589f9cd' sent to object: 'Object Repository/Page_Login Page/input_password'

2018-06-18 17:22:24 - [MESSAGE][PASSED] - Object: 'Object Repository/Page_Login Page/input_Submit' is clicked on

2018-06-18 17:22:24 - [MESSAGE][PASSED] - Object: 'Object Repository/Page_dynamo apps/a_ManageApps Artifacts' is clicked on

2018-06-18 17:22:24 - [MESSAGE][PASSED] - appmanage.startTest.openbrowser is PASSED

2018-06-18 17:22:24 - [TEST_STEP][PASSED] - click: Object: 'Object Repository/Page_Dynamo/button_Create App' is clicked on

2018-06-18 17:22:25 - [MESSAGE][PASSED] - Object: 'Object Repository/Page_Dynamo/button_Create App' is clicked on

2018-06-18 17:22:25 - [TEST_STEP][PASSED] - sendKeys: Keys 'Organization' sent to object: 'Object Repository/Page_Create-App/input_name'

2018-06-18 17:22:25 - [MESSAGE][PASSED] - Keys 'Organization' sent to object: 'Object Repository/Page_Create-App/input_name'

2018-06-18 17:22:25 - [TEST_STEP][PASSED] - sendKeys: Keys '4@%7?' sent to object: 'Object Repository/Page_Create-App/textarea_description'

2018-06-18 17:22:25 - [MESSAGE][PASSED] - Keys '4@%7?' sent to object: 'Object Repository/Page_Create-App/textarea_description'

2018-06-18 17:22:25 - [TEST_STEP][PASSED] - selectOptionByIndex: All options with index in [1] are selected on object 'Object Repository/Page_Create-App/select_ActiveInActive'

2018-06-18 17:22:25 - [MESSAGE][PASSED] - All options with index in [1] are selected on object 'Object Repository/Page_Create-App/select_ActiveInActive'

2018-06-18 17:22:25 - [TEST_STEP][PASSED] - sendKeys: Keys 'Gowtham' sent to object: 'Object Repository/Page_Create-App/input_appFeatures0.name'

2018-06-18 17:22:25 - [MESSAGE][PASSED] - Keys 'Gowtham' sent to object: 'Object Repository/Page_Create-App/input_appFeatures0.name'

2018-06-18 17:22:25 - [TEST_STEP][PASSED] - sendKeys: Keys 'Gowtham Des' sent to object: 'Object Repository/Page_Create-App/input_appFeatures0.description'

2018-06-18 17:22:26 - [MESSAGE][PASSED] - Keys 'Gowtham Des' sent to object: 'Object Repository/Page_Create-App/input_appFeatures0.description'

2018-06-18 17:22:26 - [TEST_STEP][PASSED] - click: Object: 'Object Repository/Page_Create-App/div_NewFeature' is clicked on

2018-06-18 17:22:26 - [MESSAGE][PASSED] - Object: 'Object Repository/Page_Create-App/div_NewFeature' is clicked on

2018-06-18 17:22:26 - [TEST_STEP][PASSED] - sendKeys: Keys 'cji#9(*' sent to object: 'Object Repository/Page_Create-App/input_appFeature1.name'

2018-06-18 17:22:26 - [MESSAGE][PASSED] - Keys 'cji#9(*' sent to object: 'Object Repository/Page_Create-App/input_appFeature1.name'

2018-06-18 17:22:26 - [TEST_STEP][PASSED] - sendKeys: Keys 'Dynamo*^7' sent to object: 'Object Repository/Page_Create-App/input_appFeature1.desc'

2018-06-18 17:22:26 - [MESSAGE][PASSED] - Keys 'Dynamo*^7' sent to object: 'Object Repository/Page_Create-App/input_appFeature1.desc'

2018-06-18 17:22:26 - [TEST_STEP][PASSED] - click: Object: 'Object Repository/Page_Create-App/button_Submit' is clicked on

2018-06-18 17:22:26 - [MESSAGE][PASSED] - Object: 'Object Repository/Page_Create-App/button_Submit' is clicked on

2018-06-18 17:22:26 - [TEST_STEP][FAILED] - verifyElementPresent: Unable to verify object 'Object Repository/Page_Create-App/empty_object' is present (Root cause: com.kms.katalon.core.webui.exception.WebElementNotFoundException: Web element with id: 'Object Repository/Page_Create-App/empty_object' located by 'By.xpath: /html/body/div[2]/div[1]/div/div/div[2]/form/div[1]' not found)

2018-06-18 17:22:26 - [MESSAGE][WARNING] - Timeout '0' is invalid. Using default page load timeout: '30'

2018-06-18 17:22:57 - [MESSAGE][FAILED] - com.kms.katalon.core.webui.exception.WebElementNotFoundException: Web element with id: 'Object Repository/Page_Create-App/empty_object' located by 'By.xpath: /html/body/div[2]/div[1]/div/div/div[2]/form/div[1]' not found
[[ATTACHMENT|/Users/Siva/Work/code/dynamo-framework/dynamo-framework-modules/dynamo-apps/QA/v0.4.0/Katalon/DynamoAppTest/Dynamo-apps/Reports/CreateApp/20180618_172130/1529322777585.png]]

2018-06-18 17:22:58 - [MESSAGE][FAILED] - Unable to verify object 'Object Repository/Page_Create-App/empty_object' is present (Root cause: com.kms.katalon.core.webui.exception.WebElementNotFoundException: Web element with id: 'Object Repository/Page_Create-App/empty_object' located by 'By.xpath: /html/body/div[2]/div[1]/div/div/div[2]/form/div[1]' not found)
[[ATTACHMENT|/Users/Siva/Work/code/dynamo-framework/dynamo-framework-modules/dynamo-apps/QA/v0.4.0/Katalon/DynamoAppTest/Dynamo-apps/Reports/CreateApp/20180618_172130/1529322777995.png]]]]></system-out>
         <system-err><![CDATA[2018-06-18 17:22:20 - [TEST_CASE][FAILED] - Test Cases/CreateApp/CreateAppInvalid: Test Cases/CreateApp/CreateAppInvalid FAILED because (of) Unable to verify object 'Object Repository/Page_Create-App/empty_object' is present (Root cause: com.kms.katalon.core.webui.exception.WebElementNotFoundException: Web element with id: 'Object Repository/Page_Create-App/empty_object' located by 'By.xpath: /html/body/div[2]/div[1]/div/div/div[2]/form/div[1]' not found)]]></system-err>
      </testcase>
      <testcase name="Test Cases/CreateApp/CreateAppInvalid" classname="Test Cases/CreateApp/CreateAppInvalid" status="FAILED">
         <failure type="FAILED" message="Unable to verify object 'Object Repository/Page_Create-App/empty_object' is present (Root cause: com.kms.katalon.core.webui.exception.WebElementNotFoundException: Web element with id: 'Object Repository/Page_Create-App/empty_object' located by 'By.xpath: /html/body/div[2]/div[1]/div/div/div[2]/form/div[1]' not found)"/>
         <system-out><![CDATA[2018-06-18 17:22:58 - [TEST_CASE][FAILED] - Test Cases/CreateApp/CreateAppInvalid: Test Cases/CreateApp/CreateAppInvalid FAILED because (of) Unable to verify object 'Object Repository/Page_Create-App/empty_object' is present (Root cause: com.kms.katalon.core.webui.exception.WebElementNotFoundException: Web element with id: 'Object Repository/Page_Create-App/empty_object' located by 'By.xpath: /html/body/div[2]/div[1]/div/div/div[2]/form/div[1]' not found)

2018-06-18 17:22:58 - [TEST_STEP][PASSED] - appmanage.startTest.openbrowser: appmanage.startTest.openbrowser is PASSED

2018-06-18 17:22:58 - [MESSAGE][WARNING] - A browser is already opened. Closing browser and opening a new one

2018-06-18 17:23:00 - [MESSAGE][PASSED] - Browser is opened with url: 'http://localhost:8080/'

2018-06-18 17:23:01 - [MESSAGE][PASSED] - Keys 'user' sent to object: 'Object Repository/Page_Login Page/input_username'

2018-06-18 17:23:01 - [MESSAGE][PASSED] - Keys 'fbd17e97-3a26-4358-adc7-8e7e4589f9cd' sent to object: 'Object Repository/Page_Login Page/input_password'

2018-06-18 17:23:01 - [MESSAGE][PASSED] - Object: 'Object Repository/Page_Login Page/input_Submit' is clicked on

2018-06-18 17:23:02 - [MESSAGE][PASSED] - Object: 'Object Repository/Page_dynamo apps/a_ManageApps Artifacts' is clicked on

2018-06-18 17:23:02 - [MESSAGE][PASSED] - appmanage.startTest.openbrowser is PASSED

2018-06-18 17:23:02 - [TEST_STEP][PASSED] - click: Object: 'Object Repository/Page_Dynamo/button_Create App' is clicked on

2018-06-18 17:23:02 - [MESSAGE][PASSED] - Object: 'Object Repository/Page_Dynamo/button_Create App' is clicked on

2018-06-18 17:23:02 - [TEST_STEP][PASSED] - sendKeys: Keys 'Drools' sent to object: 'Object Repository/Page_Create-App/input_name'

2018-06-18 17:23:02 - [MESSAGE][PASSED] - Keys 'Drools' sent to object: 'Object Repository/Page_Create-App/input_name'

2018-06-18 17:23:02 - [TEST_STEP][PASSED] - sendKeys: Keys 'Drools Desc' sent to object: 'Object Repository/Page_Create-App/textarea_description'

2018-06-18 17:23:02 - [MESSAGE][PASSED] - Keys 'Drools Desc' sent to object: 'Object Repository/Page_Create-App/textarea_description'

2018-06-18 17:23:02 - [TEST_STEP][PASSED] - selectOptionByIndex: All options with index in [1] are selected on object 'Object Repository/Page_Create-App/select_ActiveInActive'

2018-06-18 17:23:02 - [MESSAGE][PASSED] - All options with index in [1] are selected on object 'Object Repository/Page_Create-App/select_ActiveInActive'

2018-06-18 17:23:02 - [TEST_STEP][PASSED] - sendKeys: Keys '#6n&d' sent to object: 'Object Repository/Page_Create-App/input_appFeatures0.name'

2018-06-18 17:23:03 - [MESSAGE][PASSED] - Keys '#6n&d' sent to object: 'Object Repository/Page_Create-App/input_appFeatures0.name'

2018-06-18 17:23:03 - [TEST_STEP][PASSED] - sendKeys: Keys 'Sidd Des' sent to object: 'Object Repository/Page_Create-App/input_appFeatures0.description'

2018-06-18 17:23:03 - [MESSAGE][PASSED] - Keys 'Sidd Des' sent to object: 'Object Repository/Page_Create-App/input_appFeatures0.description'

2018-06-18 17:23:03 - [TEST_STEP][PASSED] - click: Object: 'Object Repository/Page_Create-App/div_NewFeature' is clicked on

2018-06-18 17:23:03 - [MESSAGE][PASSED] - Object: 'Object Repository/Page_Create-App/div_NewFeature' is clicked on

2018-06-18 17:23:03 - [TEST_STEP][PASSED] - sendKeys: Keys 'App35^&' sent to object: 'Object Repository/Page_Create-App/input_appFeature1.name'

2018-06-18 17:23:03 - [MESSAGE][PASSED] - Keys 'App35^&' sent to object: 'Object Repository/Page_Create-App/input_appFeature1.name'

2018-06-18 17:23:03 - [TEST_STEP][PASSED] - sendKeys: Keys 'App3' sent to object: 'Object Repository/Page_Create-App/input_appFeature1.desc'

2018-06-18 17:23:03 - [MESSAGE][PASSED] - Keys 'App3' sent to object: 'Object Repository/Page_Create-App/input_appFeature1.desc'

2018-06-18 17:23:03 - [TEST_STEP][PASSED] - click: Object: 'Object Repository/Page_Create-App/button_Submit' is clicked on

2018-06-18 17:23:03 - [MESSAGE][PASSED] - Object: 'Object Repository/Page_Create-App/button_Submit' is clicked on

2018-06-18 17:23:03 - [TEST_STEP][FAILED] - verifyElementPresent: Unable to verify object 'Object Repository/Page_Create-App/empty_object' is present (Root cause: com.kms.katalon.core.webui.exception.WebElementNotFoundException: Web element with id: 'Object Repository/Page_Create-App/empty_object' located by 'By.xpath: /html/body/div[2]/div[1]/div/div/div[2]/form/div[1]' not found)

2018-06-18 17:23:03 - [MESSAGE][WARNING] - Timeout '0' is invalid. Using default page load timeout: '30'

2018-06-18 17:23:35 - [MESSAGE][FAILED] - com.kms.katalon.core.webui.exception.WebElementNotFoundException: Web element with id: 'Object Repository/Page_Create-App/empty_object' located by 'By.xpath: /html/body/div[2]/div[1]/div/div/div[2]/form/div[1]' not found
[[ATTACHMENT|/Users/Siva/Work/code/dynamo-framework/dynamo-framework-modules/dynamo-apps/QA/v0.4.0/Katalon/DynamoAppTest/Dynamo-apps/Reports/CreateApp/20180618_172130/1529322814622.png]]

2018-06-18 17:23:35 - [MESSAGE][FAILED] - Unable to verify object 'Object Repository/Page_Create-App/empty_object' is present (Root cause: com.kms.katalon.core.webui.exception.WebElementNotFoundException: Web element with id: 'Object Repository/Page_Create-App/empty_object' located by 'By.xpath: /html/body/div[2]/div[1]/div/div/div[2]/form/div[1]' not found)
[[ATTACHMENT|/Users/Siva/Work/code/dynamo-framework/dynamo-framework-modules/dynamo-apps/QA/v0.4.0/Katalon/DynamoAppTest/Dynamo-apps/Reports/CreateApp/20180618_172130/1529322815166.png]]]]></system-out>
         <system-err><![CDATA[2018-06-18 17:22:58 - [TEST_CASE][FAILED] - Test Cases/CreateApp/CreateAppInvalid: Test Cases/CreateApp/CreateAppInvalid FAILED because (of) Unable to verify object 'Object Repository/Page_Create-App/empty_object' is present (Root cause: com.kms.katalon.core.webui.exception.WebElementNotFoundException: Web element with id: 'Object Repository/Page_Create-App/empty_object' located by 'By.xpath: /html/body/div[2]/div[1]/div/div/div[2]/form/div[1]' not found)]]></system-err>
      </testcase>
      <testcase name="Test Cases/CreateApp/CreateAppInvalid" classname="Test Cases/CreateApp/CreateAppInvalid" status="FAILED">
         <failure type="FAILED" message="Unable to verify object 'Object Repository/Page_Create-App/empty_object' is present (Root cause: com.kms.katalon.core.webui.exception.WebElementNotFoundException: Web element with id: 'Object Repository/Page_Create-App/empty_object' located by 'By.xpath: /html/body/div[2]/div[1]/div/div/div[2]/form/div[1]' not found)"/>
         <system-out><![CDATA[2018-06-18 17:23:35 - [TEST_CASE][FAILED] - Test Cases/CreateApp/CreateAppInvalid: Test Cases/CreateApp/CreateAppInvalid FAILED because (of) Unable to verify object 'Object Repository/Page_Create-App/empty_object' is present (Root cause: com.kms.katalon.core.webui.exception.WebElementNotFoundException: Web element with id: 'Object Repository/Page_Create-App/empty_object' located by 'By.xpath: /html/body/div[2]/div[1]/div/div/div[2]/form/div[1]' not found)

2018-06-18 17:23:35 - [TEST_STEP][PASSED] - appmanage.startTest.openbrowser: appmanage.startTest.openbrowser is PASSED

2018-06-18 17:23:35 - [MESSAGE][WARNING] - A browser is already opened. Closing browser and opening a new one

2018-06-18 17:23:37 - [MESSAGE][PASSED] - Browser is opened with url: 'http://localhost:8080/'

2018-06-18 17:23:38 - [MESSAGE][PASSED] - Keys 'user' sent to object: 'Object Repository/Page_Login Page/input_username'

2018-06-18 17:23:38 - [MESSAGE][PASSED] - Keys 'fbd17e97-3a26-4358-adc7-8e7e4589f9cd' sent to object: 'Object Repository/Page_Login Page/input_password'

2018-06-18 17:23:38 - [MESSAGE][PASSED] - Object: 'Object Repository/Page_Login Page/input_Submit' is clicked on

2018-06-18 17:23:39 - [MESSAGE][PASSED] - Object: 'Object Repository/Page_dynamo apps/a_ManageApps Artifacts' is clicked on

2018-06-18 17:23:39 - [MESSAGE][PASSED] - appmanage.startTest.openbrowser is PASSED

2018-06-18 17:23:39 - [TEST_STEP][PASSED] - click: Object: 'Object Repository/Page_Dynamo/button_Create App' is clicked on

2018-06-18 17:23:39 - [MESSAGE][PASSED] - Object: 'Object Repository/Page_Dynamo/button_Create App' is clicked on

2018-06-18 17:23:39 - [TEST_STEP][PASSED] - sendKeys: Keys 'Carejoy' sent to object: 'Object Repository/Page_Create-App/input_name'

2018-06-18 17:23:39 - [MESSAGE][PASSED] - Keys 'Carejoy' sent to object: 'Object Repository/Page_Create-App/input_name'

2018-06-18 17:23:39 - [TEST_STEP][PASSED] - sendKeys: Keys 'Carejoy Desc' sent to object: 'Object Repository/Page_Create-App/textarea_description'

2018-06-18 17:23:39 - [MESSAGE][PASSED] - Keys 'Carejoy Desc' sent to object: 'Object Repository/Page_Create-App/textarea_description'

2018-06-18 17:23:39 - [TEST_STEP][PASSED] - selectOptionByIndex: All options with index in [1] are selected on object 'Object Repository/Page_Create-App/select_ActiveInActive'

2018-06-18 17:23:39 - [MESSAGE][PASSED] - All options with index in [1] are selected on object 'Object Repository/Page_Create-App/select_ActiveInActive'

2018-06-18 17:23:39 - [TEST_STEP][PASSED] - sendKeys: Keys 'Karthik' sent to object: 'Object Repository/Page_Create-App/input_appFeatures0.name'

2018-06-18 17:23:40 - [MESSAGE][PASSED] - Keys 'Karthik' sent to object: 'Object Repository/Page_Create-App/input_appFeatures0.name'

2018-06-18 17:23:40 - [TEST_STEP][PASSED] - sendKeys: Keys '#$56fdgtyjhh' sent to object: 'Object Repository/Page_Create-App/input_appFeatures0.description'

2018-06-18 17:23:40 - [MESSAGE][PASSED] - Keys '#$56fdgtyjhh' sent to object: 'Object Repository/Page_Create-App/input_appFeatures0.description'

2018-06-18 17:23:40 - [TEST_STEP][PASSED] - click: Object: 'Object Repository/Page_Create-App/div_NewFeature' is clicked on

2018-06-18 17:23:40 - [MESSAGE][PASSED] - Object: 'Object Repository/Page_Create-App/div_NewFeature' is clicked on

2018-06-18 17:23:40 - [TEST_STEP][PASSED] - sendKeys: Keys 'File#%%' sent to object: 'Object Repository/Page_Create-App/input_appFeature1.name'

2018-06-18 17:23:40 - [MESSAGE][PASSED] - Keys 'File#%%' sent to object: 'Object Repository/Page_Create-App/input_appFeature1.name'

2018-06-18 17:23:40 - [TEST_STEP][PASSED] - sendKeys: Keys 'Fgju' sent to object: 'Object Repository/Page_Create-App/input_appFeature1.desc'

2018-06-18 17:23:40 - [MESSAGE][PASSED] - Keys 'Fgju' sent to object: 'Object Repository/Page_Create-App/input_appFeature1.desc'

2018-06-18 17:23:40 - [TEST_STEP][PASSED] - click: Object: 'Object Repository/Page_Create-App/button_Submit' is clicked on

2018-06-18 17:23:41 - [MESSAGE][PASSED] - Object: 'Object Repository/Page_Create-App/button_Submit' is clicked on

2018-06-18 17:23:41 - [TEST_STEP][FAILED] - verifyElementPresent: Unable to verify object 'Object Repository/Page_Create-App/empty_object' is present (Root cause: com.kms.katalon.core.webui.exception.WebElementNotFoundException: Web element with id: 'Object Repository/Page_Create-App/empty_object' located by 'By.xpath: /html/body/div[2]/div[1]/div/div/div[2]/form/div[1]' not found)

2018-06-18 17:23:41 - [MESSAGE][WARNING] - Timeout '0' is invalid. Using default page load timeout: '30'

2018-06-18 17:24:12 - [MESSAGE][FAILED] - com.kms.katalon.core.webui.exception.WebElementNotFoundException: Web element with id: 'Object Repository/Page_Create-App/empty_object' located by 'By.xpath: /html/body/div[2]/div[1]/div/div/div[2]/form/div[1]' not found
[[ATTACHMENT|/Users/Siva/Work/code/dynamo-framework/dynamo-framework-modules/dynamo-apps/QA/v0.4.0/Katalon/DynamoAppTest/Dynamo-apps/Reports/CreateApp/20180618_172130/1529322851905.png]]

2018-06-18 17:24:12 - [MESSAGE][FAILED] - Unable to verify object 'Object Repository/Page_Create-App/empty_object' is present (Root cause: com.kms.katalon.core.webui.exception.WebElementNotFoundException: Web element with id: 'Object Repository/Page_Create-App/empty_object' located by 'By.xpath: /html/body/div[2]/div[1]/div/div/div[2]/form/div[1]' not found)
[[ATTACHMENT|/Users/Siva/Work/code/dynamo-framework/dynamo-framework-modules/dynamo-apps/QA/v0.4.0/Katalon/DynamoAppTest/Dynamo-apps/Reports/CreateApp/20180618_172130/1529322852271.png]]]]></system-out>
         <system-err><![CDATA[2018-06-18 17:23:35 - [TEST_CASE][FAILED] - Test Cases/CreateApp/CreateAppInvalid: Test Cases/CreateApp/CreateAppInvalid FAILED because (of) Unable to verify object 'Object Repository/Page_Create-App/empty_object' is present (Root cause: com.kms.katalon.core.webui.exception.WebElementNotFoundException: Web element with id: 'Object Repository/Page_Create-App/empty_object' located by 'By.xpath: /html/body/div[2]/div[1]/div/div/div[2]/form/div[1]' not found)]]></system-err>
      </testcase>
      <testcase name="Test Cases/CreateApp/CreateAppInvalid" classname="Test Cases/CreateApp/CreateAppInvalid" status="FAILED">
         <failure type="FAILED" message="Unable to verify object 'Object Repository/Page_Create-App/empty_object' is present (Root cause: com.kms.katalon.core.webui.exception.WebElementNotFoundException: Web element with id: 'Object Repository/Page_Create-App/empty_object' located by 'By.xpath: /html/body/div[2]/div[1]/div/div/div[2]/form/div[1]' not found)"/>
         <system-out><![CDATA[2018-06-18 17:24:12 - [TEST_CASE][FAILED] - Test Cases/CreateApp/CreateAppInvalid: Test Cases/CreateApp/CreateAppInvalid FAILED because (of) Unable to verify object 'Object Repository/Page_Create-App/empty_object' is present (Root cause: com.kms.katalon.core.webui.exception.WebElementNotFoundException: Web element with id: 'Object Repository/Page_Create-App/empty_object' located by 'By.xpath: /html/body/div[2]/div[1]/div/div/div[2]/form/div[1]' not found)

2018-06-18 17:24:12 - [TEST_STEP][PASSED] - appmanage.startTest.openbrowser: appmanage.startTest.openbrowser is PASSED

2018-06-18 17:24:12 - [MESSAGE][WARNING] - A browser is already opened. Closing browser and opening a new one

2018-06-18 17:24:14 - [MESSAGE][PASSED] - Browser is opened with url: 'http://localhost:8080/'

2018-06-18 17:24:14 - [MESSAGE][PASSED] - Keys 'user' sent to object: 'Object Repository/Page_Login Page/input_username'

2018-06-18 17:24:14 - [MESSAGE][PASSED] - Keys 'fbd17e97-3a26-4358-adc7-8e7e4589f9cd' sent to object: 'Object Repository/Page_Login Page/input_password'

2018-06-18 17:24:14 - [MESSAGE][PASSED] - Object: 'Object Repository/Page_Login Page/input_Submit' is clicked on

2018-06-18 17:24:15 - [MESSAGE][PASSED] - Object: 'Object Repository/Page_dynamo apps/a_ManageApps Artifacts' is clicked on

2018-06-18 17:24:15 - [MESSAGE][PASSED] - appmanage.startTest.openbrowser is PASSED

2018-06-18 17:24:15 - [TEST_STEP][PASSED] - click: Object: 'Object Repository/Page_Dynamo/button_Create App' is clicked on

2018-06-18 17:24:15 - [MESSAGE][PASSED] - Object: 'Object Repository/Page_Dynamo/button_Create App' is clicked on

2018-06-18 17:24:15 - [TEST_STEP][PASSED] - sendKeys: Keys '463' sent to object: 'Object Repository/Page_Create-App/input_name'

2018-06-18 17:24:15 - [MESSAGE][PASSED] - Keys '463' sent to object: 'Object Repository/Page_Create-App/input_name'

2018-06-18 17:24:15 - [TEST_STEP][PASSED] - sendKeys: Keys 'Dt46' sent to object: 'Object Repository/Page_Create-App/textarea_description'

2018-06-18 17:24:15 - [MESSAGE][PASSED] - Keys 'Dt46' sent to object: 'Object Repository/Page_Create-App/textarea_description'

2018-06-18 17:24:15 - [TEST_STEP][PASSED] - selectOptionByIndex: All options with index in [1] are selected on object 'Object Repository/Page_Create-App/select_ActiveInActive'

2018-06-18 17:24:15 - [MESSAGE][PASSED] - All options with index in [1] are selected on object 'Object Repository/Page_Create-App/select_ActiveInActive'

2018-06-18 17:24:15 - [TEST_STEP][PASSED] - sendKeys: Keys 'Dfg5g' sent to object: 'Object Repository/Page_Create-App/input_appFeatures0.name'

2018-06-18 17:24:16 - [MESSAGE][PASSED] - Keys 'Dfg5g' sent to object: 'Object Repository/Page_Create-App/input_appFeatures0.name'

2018-06-18 17:24:16 - [TEST_STEP][PASSED] - sendKeys: Keys 'Dg64sh' sent to object: 'Object Repository/Page_Create-App/input_appFeatures0.description'

2018-06-18 17:24:16 - [MESSAGE][PASSED] - Keys 'Dg64sh' sent to object: 'Object Repository/Page_Create-App/input_appFeatures0.description'

2018-06-18 17:24:16 - [TEST_STEP][PASSED] - click: Object: 'Object Repository/Page_Create-App/div_NewFeature' is clicked on

2018-06-18 17:24:16 - [MESSAGE][PASSED] - Object: 'Object Repository/Page_Create-App/div_NewFeature' is clicked on

2018-06-18 17:24:16 - [TEST_STEP][PASSED] - sendKeys: Keys 'name$E#%' sent to object: 'Object Repository/Page_Create-App/input_appFeature1.name'

2018-06-18 17:24:16 - [MESSAGE][PASSED] - Keys 'name$E#%' sent to object: 'Object Repository/Page_Create-App/input_appFeature1.name'

2018-06-18 17:24:16 - [TEST_STEP][PASSED] - sendKeys: Keys 'Sure34' sent to object: 'Object Repository/Page_Create-App/input_appFeature1.desc'

2018-06-18 17:24:16 - [MESSAGE][PASSED] - Keys 'Sure34' sent to object: 'Object Repository/Page_Create-App/input_appFeature1.desc'

2018-06-18 17:24:16 - [TEST_STEP][PASSED] - click: Object: 'Object Repository/Page_Create-App/button_Submit' is clicked on

2018-06-18 17:24:17 - [MESSAGE][PASSED] - Object: 'Object Repository/Page_Create-App/button_Submit' is clicked on

2018-06-18 17:24:17 - [TEST_STEP][FAILED] - verifyElementPresent: Unable to verify object 'Object Repository/Page_Create-App/empty_object' is present (Root cause: com.kms.katalon.core.webui.exception.WebElementNotFoundException: Web element with id: 'Object Repository/Page_Create-App/empty_object' located by 'By.xpath: /html/body/div[2]/div[1]/div/div/div[2]/form/div[1]' not found)

2018-06-18 17:24:17 - [MESSAGE][WARNING] - Timeout '0' is invalid. Using default page load timeout: '30'

2018-06-18 17:24:48 - [MESSAGE][FAILED] - com.kms.katalon.core.webui.exception.WebElementNotFoundException: Web element with id: 'Object Repository/Page_Create-App/empty_object' located by 'By.xpath: /html/body/div[2]/div[1]/div/div/div[2]/form/div[1]' not found
[[ATTACHMENT|/Users/Siva/Work/code/dynamo-framework/dynamo-framework-modules/dynamo-apps/QA/v0.4.0/Katalon/DynamoAppTest/Dynamo-apps/Reports/CreateApp/20180618_172130/1529322887883.png]]

2018-06-18 17:24:48 - [MESSAGE][FAILED] - Unable to verify object 'Object Repository/Page_Create-App/empty_object' is present (Root cause: com.kms.katalon.core.webui.exception.WebElementNotFoundException: Web element with id: 'Object Repository/Page_Create-App/empty_object' located by 'By.xpath: /html/body/div[2]/div[1]/div/div/div[2]/form/div[1]' not found)
[[ATTACHMENT|/Users/Siva/Work/code/dynamo-framework/dynamo-framework-modules/dynamo-apps/QA/v0.4.0/Katalon/DynamoAppTest/Dynamo-apps/Reports/CreateApp/20180618_172130/1529322888246.png]]]]></system-out>
         <system-err><![CDATA[2018-06-18 17:24:12 - [TEST_CASE][FAILED] - Test Cases/CreateApp/CreateAppInvalid: Test Cases/CreateApp/CreateAppInvalid FAILED because (of) Unable to verify object 'Object Repository/Page_Create-App/empty_object' is present (Root cause: com.kms.katalon.core.webui.exception.WebElementNotFoundException: Web element with id: 'Object Repository/Page_Create-App/empty_object' located by 'By.xpath: /html/body/div[2]/div[1]/div/div/div[2]/form/div[1]' not found)]]></system-err>
      </testcase>
      <testcase name="Test Cases/CreateApp/CreateAppValid" classname="Test Cases/CreateApp/CreateAppValid" status="PASSED">
         <system-out><![CDATA[2018-06-18 17:24:48 - [TEST_CASE][PASSED] - Test Cases/CreateApp/CreateAppValid: Test Cases/CreateApp/CreateAppValid

2018-06-18 17:24:48 - [TEST_STEP][PASSED] - appmanage.startTest.openbrowser: appmanage.startTest.openbrowser is PASSED

2018-06-18 17:24:48 - [MESSAGE][WARNING] - A browser is already opened. Closing browser and opening a new one

2018-06-18 17:24:50 - [MESSAGE][PASSED] - Browser is opened with url: 'http://localhost:8080/'

2018-06-18 17:24:50 - [MESSAGE][PASSED] - Keys 'user' sent to object: 'Object Repository/Page_Login Page/input_username'

2018-06-18 17:24:50 - [MESSAGE][PASSED] - Keys 'fbd17e97-3a26-4358-adc7-8e7e4589f9cd' sent to object: 'Object Repository/Page_Login Page/input_password'

2018-06-18 17:24:50 - [MESSAGE][PASSED] - Object: 'Object Repository/Page_Login Page/input_Submit' is clicked on

2018-06-18 17:24:51 - [MESSAGE][PASSED] - Object: 'Object Repository/Page_dynamo apps/a_ManageApps Artifacts' is clicked on

2018-06-18 17:24:51 - [MESSAGE][PASSED] - appmanage.startTest.openbrowser is PASSED

2018-06-18 17:24:51 - [TEST_STEP][PASSED] - click: Object: 'Object Repository/Page_Dynamo/button_Create App' is clicked on

2018-06-18 17:24:51 - [MESSAGE][PASSED] - Object: 'Object Repository/Page_Dynamo/button_Create App' is clicked on

2018-06-18 17:24:51 - [TEST_STEP][PASSED] - sendKeys: Keys 'Dynamo' sent to object: 'Object Repository/Page_Create-App/input_name'

2018-06-18 17:24:51 - [MESSAGE][PASSED] - Keys 'Dynamo' sent to object: 'Object Repository/Page_Create-App/input_name'

2018-06-18 17:24:51 - [TEST_STEP][PASSED] - sendKeys: Keys 'Dynamo App Des' sent to object: 'Object Repository/Page_Create-App/textarea_description'

2018-06-18 17:24:52 - [MESSAGE][PASSED] - Keys 'Dynamo App Des' sent to object: 'Object Repository/Page_Create-App/textarea_description'

2018-06-18 17:24:52 - [TEST_STEP][PASSED] - selectOptionByIndex: All options with index in [1] are selected on object 'Object Repository/Page_Create-App/select_ActiveInActive'

2018-06-18 17:24:52 - [MESSAGE][PASSED] - All options with index in [1] are selected on object 'Object Repository/Page_Create-App/select_ActiveInActive'

2018-06-18 17:24:52 - [TEST_STEP][PASSED] - sendKeys: Keys '1' sent to object: 'Object Repository/Page_Create-App/input_appFeatures0.name'

2018-06-18 17:24:52 - [MESSAGE][PASSED] - Keys '1' sent to object: 'Object Repository/Page_Create-App/input_appFeatures0.name'

2018-06-18 17:24:52 - [TEST_STEP][PASSED] - sendKeys: Keys 'Siva' sent to object: 'Object Repository/Page_Create-App/input_appFeatures0.description'

2018-06-18 17:24:52 - [MESSAGE][PASSED] - Keys 'Siva' sent to object: 'Object Repository/Page_Create-App/input_appFeatures0.description'

2018-06-18 17:24:52 - [TEST_STEP][PASSED] - click: Object: 'Object Repository/Page_Create-App/div_NewFeature' is clicked on

2018-06-18 17:24:52 - [MESSAGE][PASSED] - Object: 'Object Repository/Page_Create-App/div_NewFeature' is clicked on

2018-06-18 17:24:52 - [TEST_STEP][PASSED] - sendKeys: Keys 'Siva Des' sent to object: 'Object Repository/Page_Create-App/input_appFeature1.name'

2018-06-18 17:24:52 - [MESSAGE][PASSED] - Keys 'Siva Des' sent to object: 'Object Repository/Page_Create-App/input_appFeature1.name'

2018-06-18 17:24:52 - [TEST_STEP][PASSED] - sendKeys: Keys 'App Name' sent to object: 'Object Repository/Page_Create-App/input_appFeature1.desc'

2018-06-18 17:24:52 - [MESSAGE][PASSED] - Keys 'App Name' sent to object: 'Object Repository/Page_Create-App/input_appFeature1.desc'

2018-06-18 17:24:52 - [TEST_STEP][PASSED] - click: Object: 'Object Repository/Page_Create-App/button_Submit' is clicked on

2018-06-18 17:24:53 - [MESSAGE][PASSED] - Object: 'Object Repository/Page_Create-App/button_Submit' is clicked on

2018-06-18 17:24:53 - [TEST_STEP][PASSED] - verifyTextPresent: Text 'Dynamo' is present on page 

2018-06-18 17:24:53 - [MESSAGE][PASSED] - Text 'Dynamo' is present on page 

2018-06-18 17:24:53 - [TEST_STEP][PASSED] - appmanage.startTest.closebrowser: appmanage.startTest.closebrowser is PASSED

2018-06-18 17:24:53 - [MESSAGE][PASSED] - Browser is closed

2018-06-18 17:24:53 - [MESSAGE][PASSED] - appmanage.startTest.closebrowser is PASSED]]></system-out>
         <system-err><![CDATA[]]></system-err>
      </testcase>
      <testcase name="Test Cases/CreateApp/CreateAppValid" classname="Test Cases/CreateApp/CreateAppValid" status="PASSED">
         <system-out><![CDATA[2018-06-18 17:24:53 - [TEST_CASE][PASSED] - Test Cases/CreateApp/CreateAppValid: Test Cases/CreateApp/CreateAppValid

2018-06-18 17:24:53 - [TEST_STEP][PASSED] - appmanage.startTest.openbrowser: appmanage.startTest.openbrowser is PASSED

2018-06-18 17:24:55 - [MESSAGE][PASSED] - Browser is opened with url: 'http://localhost:8080/'

2018-06-18 17:24:55 - [MESSAGE][PASSED] - Keys 'user' sent to object: 'Object Repository/Page_Login Page/input_username'

2018-06-18 17:24:55 - [MESSAGE][PASSED] - Keys 'fbd17e97-3a26-4358-adc7-8e7e4589f9cd' sent to object: 'Object Repository/Page_Login Page/input_password'

2018-06-18 17:24:55 - [MESSAGE][PASSED] - Object: 'Object Repository/Page_Login Page/input_Submit' is clicked on

2018-06-18 17:24:56 - [MESSAGE][PASSED] - Object: 'Object Repository/Page_dynamo apps/a_ManageApps Artifacts' is clicked on

2018-06-18 17:24:56 - [MESSAGE][PASSED] - appmanage.startTest.openbrowser is PASSED

2018-06-18 17:24:56 - [TEST_STEP][PASSED] - click: Object: 'Object Repository/Page_Dynamo/button_Create App' is clicked on

2018-06-18 17:24:56 - [MESSAGE][PASSED] - Object: 'Object Repository/Page_Dynamo/button_Create App' is clicked on

2018-06-18 17:24:56 - [TEST_STEP][PASSED] - sendKeys: Keys 'Organization' sent to object: 'Object Repository/Page_Create-App/input_name'

2018-06-18 17:24:56 - [MESSAGE][PASSED] - Keys 'Organization' sent to object: 'Object Repository/Page_Create-App/input_name'

2018-06-18 17:24:56 - [TEST_STEP][PASSED] - sendKeys: Keys 'Organization Des' sent to object: 'Object Repository/Page_Create-App/textarea_description'

2018-06-18 17:24:56 - [MESSAGE][PASSED] - Keys 'Organization Des' sent to object: 'Object Repository/Page_Create-App/textarea_description'

2018-06-18 17:24:56 - [TEST_STEP][PASSED] - selectOptionByIndex: All options with index in [1] are selected on object 'Object Repository/Page_Create-App/select_ActiveInActive'

2018-06-18 17:24:56 - [MESSAGE][PASSED] - All options with index in [1] are selected on object 'Object Repository/Page_Create-App/select_ActiveInActive'

2018-06-18 17:24:56 - [TEST_STEP][PASSED] - sendKeys: Keys '2' sent to object: 'Object Repository/Page_Create-App/input_appFeatures0.name'

2018-06-18 17:24:56 - [MESSAGE][PASSED] - Keys '2' sent to object: 'Object Repository/Page_Create-App/input_appFeatures0.name'

2018-06-18 17:24:56 - [TEST_STEP][PASSED] - sendKeys: Keys 'Gowtham' sent to object: 'Object Repository/Page_Create-App/input_appFeatures0.description'

2018-06-18 17:24:57 - [MESSAGE][PASSED] - Keys 'Gowtham' sent to object: 'Object Repository/Page_Create-App/input_appFeatures0.description'

2018-06-18 17:24:57 - [TEST_STEP][PASSED] - click: Object: 'Object Repository/Page_Create-App/div_NewFeature' is clicked on

2018-06-18 17:24:57 - [MESSAGE][PASSED] - Object: 'Object Repository/Page_Create-App/div_NewFeature' is clicked on

2018-06-18 17:24:57 - [TEST_STEP][PASSED] - sendKeys: Keys 'Gowtham Des' sent to object: 'Object Repository/Page_Create-App/input_appFeature1.name'

2018-06-18 17:24:57 - [MESSAGE][PASSED] - Keys 'Gowtham Des' sent to object: 'Object Repository/Page_Create-App/input_appFeature1.name'

2018-06-18 17:24:57 - [TEST_STEP][PASSED] - sendKeys: Keys 'Dyna App' sent to object: 'Object Repository/Page_Create-App/input_appFeature1.desc'

2018-06-18 17:24:57 - [MESSAGE][PASSED] - Keys 'Dyna App' sent to object: 'Object Repository/Page_Create-App/input_appFeature1.desc'

2018-06-18 17:24:57 - [TEST_STEP][PASSED] - click: Object: 'Object Repository/Page_Create-App/button_Submit' is clicked on

2018-06-18 17:24:57 - [MESSAGE][PASSED] - Object: 'Object Repository/Page_Create-App/button_Submit' is clicked on

2018-06-18 17:24:57 - [TEST_STEP][PASSED] - verifyTextPresent: Text 'Organization' is present on page 

2018-06-18 17:24:57 - [MESSAGE][PASSED] - Text 'Organization' is present on page 

2018-06-18 17:24:57 - [TEST_STEP][PASSED] - appmanage.startTest.closebrowser: appmanage.startTest.closebrowser is PASSED

2018-06-18 17:24:57 - [MESSAGE][PASSED] - Browser is closed

2018-06-18 17:24:57 - [MESSAGE][PASSED] - appmanage.startTest.closebrowser is PASSED]]></system-out>
         <system-err><![CDATA[]]></system-err>
      </testcase>
      <testcase name="Test Cases/CreateApp/CreateAppValid" classname="Test Cases/CreateApp/CreateAppValid" status="PASSED">
         <system-out><![CDATA[2018-06-18 17:24:57 - [TEST_CASE][PASSED] - Test Cases/CreateApp/CreateAppValid: Test Cases/CreateApp/CreateAppValid

2018-06-18 17:24:58 - [TEST_STEP][PASSED] - appmanage.startTest.openbrowser: appmanage.startTest.openbrowser is PASSED

2018-06-18 17:24:59 - [MESSAGE][PASSED] - Browser is opened with url: 'http://localhost:8080/'

2018-06-18 17:24:59 - [MESSAGE][PASSED] - Keys 'user' sent to object: 'Object Repository/Page_Login Page/input_username'

2018-06-18 17:24:59 - [MESSAGE][PASSED] - Keys 'fbd17e97-3a26-4358-adc7-8e7e4589f9cd' sent to object: 'Object Repository/Page_Login Page/input_password'

2018-06-18 17:25:00 - [MESSAGE][PASSED] - Object: 'Object Repository/Page_Login Page/input_Submit' is clicked on

2018-06-18 17:25:00 - [MESSAGE][PASSED] - Object: 'Object Repository/Page_dynamo apps/a_ManageApps Artifacts' is clicked on

2018-06-18 17:25:00 - [MESSAGE][PASSED] - appmanage.startTest.openbrowser is PASSED

2018-06-18 17:25:00 - [TEST_STEP][PASSED] - click: Object: 'Object Repository/Page_Dynamo/button_Create App' is clicked on

2018-06-18 17:25:00 - [MESSAGE][PASSED] - Object: 'Object Repository/Page_Dynamo/button_Create App' is clicked on

2018-06-18 17:25:00 - [TEST_STEP][PASSED] - sendKeys: Keys 'Drools' sent to object: 'Object Repository/Page_Create-App/input_name'

2018-06-18 17:25:00 - [MESSAGE][PASSED] - Keys 'Drools' sent to object: 'Object Repository/Page_Create-App/input_name'

2018-06-18 17:25:00 - [TEST_STEP][PASSED] - sendKeys: Keys 'Drools Desc' sent to object: 'Object Repository/Page_Create-App/textarea_description'

2018-06-18 17:25:01 - [MESSAGE][PASSED] - Keys 'Drools Desc' sent to object: 'Object Repository/Page_Create-App/textarea_description'

2018-06-18 17:25:01 - [TEST_STEP][PASSED] - selectOptionByIndex: All options with index in [1] are selected on object 'Object Repository/Page_Create-App/select_ActiveInActive'

2018-06-18 17:25:01 - [MESSAGE][PASSED] - All options with index in [1] are selected on object 'Object Repository/Page_Create-App/select_ActiveInActive'

2018-06-18 17:25:01 - [TEST_STEP][PASSED] - sendKeys: Keys '1' sent to object: 'Object Repository/Page_Create-App/input_appFeatures0.name'

2018-06-18 17:25:01 - [MESSAGE][PASSED] - Keys '1' sent to object: 'Object Repository/Page_Create-App/input_appFeatures0.name'

2018-06-18 17:25:01 - [TEST_STEP][PASSED] - sendKeys: Keys 'Sidd ' sent to object: 'Object Repository/Page_Create-App/input_appFeatures0.description'

2018-06-18 17:25:01 - [MESSAGE][PASSED] - Keys 'Sidd ' sent to object: 'Object Repository/Page_Create-App/input_appFeatures0.description'

2018-06-18 17:25:01 - [TEST_STEP][PASSED] - click: Object: 'Object Repository/Page_Create-App/div_NewFeature' is clicked on

2018-06-18 17:25:01 - [MESSAGE][PASSED] - Object: 'Object Repository/Page_Create-App/div_NewFeature' is clicked on

2018-06-18 17:25:01 - [TEST_STEP][PASSED] - sendKeys: Keys 'Sidd Des' sent to object: 'Object Repository/Page_Create-App/input_appFeature1.name'

2018-06-18 17:25:01 - [MESSAGE][PASSED] - Keys 'Sidd Des' sent to object: 'Object Repository/Page_Create-App/input_appFeature1.name'

2018-06-18 17:25:01 - [TEST_STEP][PASSED] - sendKeys: Keys 'Data' sent to object: 'Object Repository/Page_Create-App/input_appFeature1.desc'

2018-06-18 17:25:01 - [MESSAGE][PASSED] - Keys 'Data' sent to object: 'Object Repository/Page_Create-App/input_appFeature1.desc'

2018-06-18 17:25:01 - [TEST_STEP][PASSED] - click: Object: 'Object Repository/Page_Create-App/button_Submit' is clicked on

2018-06-18 17:25:02 - [MESSAGE][PASSED] - Object: 'Object Repository/Page_Create-App/button_Submit' is clicked on

2018-06-18 17:25:02 - [TEST_STEP][PASSED] - verifyTextPresent: Text 'Drools' is present on page 

2018-06-18 17:25:02 - [MESSAGE][PASSED] - Text 'Drools' is present on page 

2018-06-18 17:25:02 - [TEST_STEP][PASSED] - appmanage.startTest.closebrowser: appmanage.startTest.closebrowser is PASSED

2018-06-18 17:25:02 - [MESSAGE][PASSED] - Browser is closed

2018-06-18 17:25:02 - [MESSAGE][PASSED] - appmanage.startTest.closebrowser is PASSED]]></system-out>
         <system-err><![CDATA[]]></system-err>
      </testcase>
      <testcase name="Test Cases/CreateApp/CreateAppValid" classname="Test Cases/CreateApp/CreateAppValid" status="PASSED">
         <system-out><![CDATA[2018-06-18 17:25:02 - [TEST_CASE][PASSED] - Test Cases/CreateApp/CreateAppValid: Test Cases/CreateApp/CreateAppValid

2018-06-18 17:25:02 - [TEST_STEP][PASSED] - appmanage.startTest.openbrowser: appmanage.startTest.openbrowser is PASSED

2018-06-18 17:25:03 - [MESSAGE][PASSED] - Browser is opened with url: 'http://localhost:8080/'

2018-06-18 17:25:03 - [MESSAGE][PASSED] - Keys 'user' sent to object: 'Object Repository/Page_Login Page/input_username'

2018-06-18 17:25:04 - [MESSAGE][PASSED] - Keys 'fbd17e97-3a26-4358-adc7-8e7e4589f9cd' sent to object: 'Object Repository/Page_Login Page/input_password'

2018-06-18 17:25:04 - [MESSAGE][PASSED] - Object: 'Object Repository/Page_Login Page/input_Submit' is clicked on

2018-06-18 17:25:04 - [MESSAGE][PASSED] - Object: 'Object Repository/Page_dynamo apps/a_ManageApps Artifacts' is clicked on

2018-06-18 17:25:04 - [MESSAGE][PASSED] - appmanage.startTest.openbrowser is PASSED

2018-06-18 17:25:04 - [TEST_STEP][PASSED] - click: Object: 'Object Repository/Page_Dynamo/button_Create App' is clicked on

2018-06-18 17:25:05 - [MESSAGE][PASSED] - Object: 'Object Repository/Page_Dynamo/button_Create App' is clicked on

2018-06-18 17:25:05 - [TEST_STEP][PASSED] - sendKeys: Keys 'Carejoy' sent to object: 'Object Repository/Page_Create-App/input_name'

2018-06-18 17:25:05 - [MESSAGE][PASSED] - Keys 'Carejoy' sent to object: 'Object Repository/Page_Create-App/input_name'

2018-06-18 17:25:05 - [TEST_STEP][PASSED] - sendKeys: Keys 'Carejoy Desc' sent to object: 'Object Repository/Page_Create-App/textarea_description'

2018-06-18 17:25:05 - [MESSAGE][PASSED] - Keys 'Carejoy Desc' sent to object: 'Object Repository/Page_Create-App/textarea_description'

2018-06-18 17:25:05 - [TEST_STEP][PASSED] - selectOptionByIndex: All options with index in [1] are selected on object 'Object Repository/Page_Create-App/select_ActiveInActive'

2018-06-18 17:25:05 - [MESSAGE][PASSED] - All options with index in [1] are selected on object 'Object Repository/Page_Create-App/select_ActiveInActive'

2018-06-18 17:25:05 - [TEST_STEP][PASSED] - sendKeys: Keys '1' sent to object: 'Object Repository/Page_Create-App/input_appFeatures0.name'

2018-06-18 17:25:05 - [MESSAGE][PASSED] - Keys '1' sent to object: 'Object Repository/Page_Create-App/input_appFeatures0.name'

2018-06-18 17:25:05 - [TEST_STEP][PASSED] - sendKeys: Keys 'Karthik' sent to object: 'Object Repository/Page_Create-App/input_appFeatures0.description'

2018-06-18 17:25:05 - [MESSAGE][PASSED] - Keys 'Karthik' sent to object: 'Object Repository/Page_Create-App/input_appFeatures0.description'

2018-06-18 17:25:05 - [TEST_STEP][PASSED] - click: Object: 'Object Repository/Page_Create-App/div_NewFeature' is clicked on

2018-06-18 17:25:05 - [MESSAGE][PASSED] - Object: 'Object Repository/Page_Create-App/div_NewFeature' is clicked on

2018-06-18 17:25:05 - [TEST_STEP][PASSED] - sendKeys: Keys 'Karthik des' sent to object: 'Object Repository/Page_Create-App/input_appFeature1.name'

2018-06-18 17:25:06 - [MESSAGE][PASSED] - Keys 'Karthik des' sent to object: 'Object Repository/Page_Create-App/input_appFeature1.name'

2018-06-18 17:25:06 - [TEST_STEP][PASSED] - sendKeys: Keys 'Name' sent to object: 'Object Repository/Page_Create-App/input_appFeature1.desc'

2018-06-18 17:25:06 - [MESSAGE][PASSED] - Keys 'Name' sent to object: 'Object Repository/Page_Create-App/input_appFeature1.desc'

2018-06-18 17:25:06 - [TEST_STEP][PASSED] - click: Object: 'Object Repository/Page_Create-App/button_Submit' is clicked on

2018-06-18 17:25:06 - [MESSAGE][PASSED] - Object: 'Object Repository/Page_Create-App/button_Submit' is clicked on

2018-06-18 17:25:06 - [TEST_STEP][PASSED] - verifyTextPresent: Text 'Carejoy' is present on page 

2018-06-18 17:25:06 - [MESSAGE][PASSED] - Text 'Carejoy' is present on page 

2018-06-18 17:25:06 - [TEST_STEP][PASSED] - appmanage.startTest.closebrowser: appmanage.startTest.closebrowser is PASSED

2018-06-18 17:25:06 - [MESSAGE][PASSED] - Browser is closed

2018-06-18 17:25:06 - [MESSAGE][PASSED] - appmanage.startTest.closebrowser is PASSED]]></system-out>
         <system-err><![CDATA[]]></system-err>
      </testcase>
      <system-out><![CDATA[2018-06-18 17:21:33 - [TEST_SUITE][FAILED] - CreateApp: Test Cases/CreateApp/CreateAppInvalid FAILED because (of) Unable to verify object 'Object Repository/Page_Create-App/empty_object' is present (Root cause: com.kms.katalon.core.webui.exception.WebElementNotFoundException: Web element with id: 'Object Repository/Page_Create-App/empty_object' located by 'By.xpath: /html/body/div[2]/div[1]/div/div/div[2]/form/div[1]' not found)]]></system-out>
      <system-err><![CDATA[2018-06-18 17:21:33 - [TEST_SUITE][FAILED] - CreateApp: Test Cases/CreateApp/CreateAppInvalid FAILED because (of) Unable to verify object 'Object Repository/Page_Create-App/empty_object' is present (Root cause: com.kms.katalon.core.webui.exception.WebElementNotFoundException: Web element with id: 'Object Repository/Page_Create-App/empty_object' located by 'By.xpath: /html/body/div[2]/div[1]/div/div/div[2]/form/div[1]' not found)]]></system-err>
   </testsuite>
</testsuites>
